# JRE version: 7.0_25-b17
# Java VM: Java HotSpot(TM) Client VM (23.25-b01 mixed mode, sharing windows-x86 )
Heap
 def new generation   total 9280K, used 7852K [0x24170000, 0x24b80000, 0x296c0000)
  eden space 8256K,  87% used [0x24170000, 0x24879fe0, 0x24980000)
  from space 1024K,  62% used [0x24a80000, 0x24b21220, 0x24b80000)
  to   space 1024K,   0% used [0x24980000, 0x24980000, 0x24a80000)
 tenured generation   total 20588K, used 19433K [0x296c0000, 0x2aadb000, 0x34170000)
   the space 20588K,  94% used [0x296c0000, 0x2a9ba570, 0x2a9ba600, 0x2aadb000)
 compacting perm gen  total 12288K, used 8123K [0x34170000, 0x34d70000, 0x38170000)
   the space 12288K,  66% used [0x34170000, 0x3495ec58, 0x3495ee00, 0x34d70000)
    ro space 10240K,  45% used [0x38170000, 0x385f9b28, 0x385f9c00, 0x38b70000)
    rw space 12288K,  54% used [0x38b70000, 0x391fd0e8, 0x391fd200, 0x39770000)
GC Heap History (10 events):
Event: 165.948 GC heap before
{Heap before GC invocations=16 (full 1):
 def new generation   total 9280K, used 9211K [0x24170000, 0x24b80000, 0x296c0000)
  eden space 8256K, 100% used [0x24170000, 0x24980000, 0x24980000)
  from space 1024K,  93% used [0x24980000, 0x24a6ecd8, 0x24a80000)
  to   space 1024K,   0% used [0x24a80000, 0x24a80000, 0x24b80000)
 tenured generation   total 20588K, used 16955K [0x296c0000, 0x2aadb000, 0x34170000)
   the space 20588K,  82% used [0x296c0000, 0x2a74ed38, 0x2a74ee00, 0x2aadb000)
 compacting perm gen  total 12288K, used 7750K [0x34170000, 0x34d70000, 0x38170000)
   the space 12288K,  63% used [0x34170000, 0x34901bb0, 0x34901c00, 0x34d70000)
    ro space 10240K,  45% used [0x38170000, 0x385f9b28, 0x385f9c00, 0x38b70000)
    rw space 12288K,  54% used [0x38b70000, 0x391fd0e8, 0x391fd200, 0x39770000)
Event: 165.958 GC heap after
Heap after GC invocations=17 (full 1):
 def new generation   total 9280K, used 1022K [0x24170000, 0x24b80000, 0x296c0000)
  eden space 8256K,   0% used [0x24170000, 0x24170000, 0x24980000)
  from space 1024K,  99% used [0x24a80000, 0x24b7fae0, 0x24b80000)
  to   space 1024K,   0% used [0x24980000, 0x24980000, 0x24a80000)
 tenured generation   total 20588K, used 17816K [0x296c0000, 0x2aadb000, 0x34170000)
   the space 20588K,  86% used [0x296c0000, 0x2a8261c8, 0x2a826200, 0x2aadb000)
 compacting perm gen  total 12288K, used 7750K [0x34170000, 0x34d70000, 0x38170000)
   the space 12288K,  63% used [0x34170000, 0x34901bb0, 0x34901c00, 0x34d70000)
    ro space 10240K,  45% used [0x38170000, 0x385f9b28, 0x385f9c00, 0x38b70000)
    rw space 12288K,  54% used [0x38b70000, 0x391fd0e8, 0x391fd200, 0x39770000)
}
Event: 167.132 GC heap before
{Heap before GC invocations=17 (full 1):
 def new generation   total 9280K, used 9278K [0x24170000, 0x24b80000, 0x296c0000)
  eden space 8256K, 100% used [0x24170000, 0x24980000, 0x24980000)
  from space 1024K,  99% used [0x24a80000, 0x24b7fae0, 0x24b80000)
  to   space 1024K,   0% used [0x24980000, 0x24980000, 0x24a80000)
 tenured generation   total 20588K, used 17816K [0x296c0000, 0x2aadb000, 0x34170000)
   the space 20588K,  86% used [0x296c0000, 0x2a8261c8, 0x2a826200, 0x2aadb000)
 compacting perm gen  total 12288K, used 7808K [0x34170000, 0x34d70000, 0x38170000)
   the space 12288K,  63% used [0x34170000, 0x34910198, 0x34910200, 0x34d70000)
    ro space 10240K,  45% used [0x38170000, 0x385f9b28, 0x385f9c00, 0x38b70000)
    rw space 12288K,  54% used [0x38b70000, 0x391fd0e8, 0x391fd200, 0x39770000)
Event: 167.138 GC heap after
Heap after GC invocations=18 (full 1):
 def new generation   total 9280K, used 720K [0x24170000, 0x24b80000, 0x296c0000)
  eden space 8256K,   0% used [0x24170000, 0x24170000, 0x24980000)
  from space 1024K,  70% used [0x24980000, 0x24a342d8, 0x24a80000)
  to   space 1024K,   0% used [0x24a80000, 0x24a80000, 0x24b80000)
 tenured generation   total 20588K, used 18741K [0x296c0000, 0x2aadb000, 0x34170000)
   the space 20588K,  91% used [0x296c0000, 0x2a90d508, 0x2a90d600, 0x2aadb000)
 compacting perm gen  total 12288K, used 7808K [0x34170000, 0x34d70000, 0x38170000)
   the space 12288K,  63% used [0x34170000, 0x34910198, 0x34910200, 0x34d70000)
    ro space 10240K,  45% used [0x38170000, 0x385f9b28, 0x385f9c00, 0x38b70000)
    rw space 12288K,  54% used [0x38b70000, 0x391fd0e8, 0x391fd200, 0x39770000)
}
Event: 168.816 GC heap before
{Heap before GC invocations=18 (full 1):
 def new generation   total 9280K, used 8976K [0x24170000, 0x24b80000, 0x296c0000)
  eden space 8256K, 100% used [0x24170000, 0x24980000, 0x24980000)
  from space 1024K,  70% used [0x24980000, 0x24a342d8, 0x24a80000)
  to   space 1024K,   0% used [0x24a80000, 0x24a80000, 0x24b80000)
 tenured generation   total 20588K, used 18741K [0x296c0000, 0x2aadb000, 0x34170000)
   the space 20588K,  91% used [0x296c0000, 0x2a90d508, 0x2a90d600, 0x2aadb000)
 compacting perm gen  total 12288K, used 8008K [0x34170000, 0x34d70000, 0x38170000)
   the space 12288K,  65% used [0x34170000, 0x34942220, 0x34942400, 0x34d70000)
    ro space 10240K,  45% used [0x38170000, 0x385f9b28, 0x385f9c00, 0x38b70000)
    rw space 12288K,  54% used [0x38b70000, 0x391fd0e8, 0x391fd200, 0x39770000)
Event: 168.821 GC heap after
Heap after GC invocations=19 (full 1):
 def new generation   total 9280K, used 293K [0x24170000, 0x24b80000, 0x296c0000)
  eden space 8256K,   0% used [0x24170000, 0x24170000, 0x24980000)
  from space 1024K,  28% used [0x24a80000, 0x24ac97c0, 0x24b80000)
  to   space 1024K,   0% used [0x24980000, 0x24980000, 0x24a80000)
 tenured generation   total 20588K, used 19235K [0x296c0000, 0x2aadb000, 0x34170000)
   the space 20588K,  93% used [0x296c0000, 0x2a988f68, 0x2a989000, 0x2aadb000)
 compacting perm gen  total 12288K, used 8008K [0x34170000, 0x34d70000, 0x38170000)
   the space 12288K,  65% used [0x34170000, 0x34942220, 0x34942400, 0x34d70000)
    ro space 10240K,  45% used [0x38170000, 0x385f9b28, 0x385f9c00, 0x38b70000)
    rw space 12288K,  54% used [0x38b70000, 0x391fd0e8, 0x391fd200, 0x39770000)
}
Event: 179.819 GC heap before
{Heap before GC invocations=19 (full 1):
 def new generation   total 9280K, used 8549K [0x24170000, 0x24b80000, 0x296c0000)
  eden space 8256K, 100% used [0x24170000, 0x24980000, 0x24980000)
  from space 1024K,  28% used [0x24a80000, 0x24ac97c0, 0x24b80000)
  to   space 1024K,   0% used [0x24980000, 0x24980000, 0x24a80000)
 tenured generation   total 20588K, used 19235K [0x296c0000, 0x2aadb000, 0x34170000)
   the space 20588K,  93% used [0x296c0000, 0x2a988f68, 0x2a989000, 0x2aadb000)
 compacting perm gen  total 12288K, used 8083K [0x34170000, 0x34d70000, 0x38170000)
   the space 12288K,  65% used [0x34170000, 0x34954ed8, 0x34955000, 0x34d70000)
    ro space 10240K,  45% used [0x38170000, 0x385f9b28, 0x385f9c00, 0x38b70000)
    rw space 12288K,  54% used [0x38b70000, 0x391fd0e8, 0x391fd200, 0x39770000)
Event: 179.823 GC heap after
Heap after GC invocations=20 (full 1):
 def new generation   total 9280K, used 596K [0x24170000, 0x24b80000, 0x296c0000)
  eden space 8256K,   0% used [0x24170000, 0x24170000, 0x24980000)
  from space 1024K,  58% used [0x24980000, 0x24a15058, 0x24a80000)
  to   space 1024K,   0% used [0x24a80000, 0x24a80000, 0x24b80000)
 tenured generation   total 20588K, used 19235K [0x296c0000, 0x2aadb000, 0x34170000)
   the space 20588K,  93% used [0x296c0000, 0x2a988f68, 0x2a989000, 0x2aadb000)
 compacting perm gen  total 12288K, used 8083K [0x34170000, 0x34d70000, 0x38170000)
   the space 12288K,  65% used [0x34170000, 0x34954ed8, 0x34955000, 0x34d70000)
    ro space 10240K,  45% used [0x38170000, 0x385f9b28, 0x385f9c00, 0x38b70000)
    rw space 12288K,  54% used [0x38b70000, 0x391fd0e8, 0x391fd200, 0x39770000)
}
Event: 180.426 GC heap before
{Heap before GC invocations=20 (full 1):
 def new generation   total 9280K, used 8852K [0x24170000, 0x24b80000, 0x296c0000)
  eden space 8256K, 100% used [0x24170000, 0x24980000, 0x24980000)
  from space 1024K,  58% used [0x24980000, 0x24a15058, 0x24a80000)
  to   space 1024K,   0% used [0x24a80000, 0x24a80000, 0x24b80000)
 tenured generation   total 20588K, used 19235K [0x296c0000, 0x2aadb000, 0x34170000)
   the space 20588K,  93% used [0x296c0000, 0x2a988f68, 0x2a989000, 0x2aadb000)
 compacting perm gen  total 12288K, used 8083K [0x34170000, 0x34d70000, 0x38170000)
   the space 12288K,  65% used [0x34170000, 0x34954f88, 0x34955000, 0x34d70000)
    ro space 10240K,  45% used [0x38170000, 0x385f9b28, 0x385f9c00, 0x38b70000)
    rw space 12288K,  54% used [0x38b70000, 0x391fd0e8, 0x391fd200, 0x39770000)
Event: 180.430 GC heap after
Heap after GC invocations=21 (full 1):
 def new generation   total 9280K, used 644K [0x24170000, 0x24b80000, 0x296c0000)
  eden space 8256K,   0% used [0x24170000, 0x24170000, 0x24980000)
  from space 1024K,  62% used [0x24a80000, 0x24b21220, 0x24b80000)
  to   space 1024K,   0% used [0x24980000, 0x24980000, 0x24a80000)
 tenured generation   total 20588K, used 19433K [0x296c0000, 0x2aadb000, 0x34170000)
   the space 20588K,  94% used [0x296c0000, 0x2a9ba570, 0x2a9ba600, 0x2aadb000)
 compacting perm gen  total 12288K, used 8083K [0x34170000, 0x34d70000, 0x38170000)
   the space 12288K,  65% used [0x34170000, 0x34954f88, 0x34955000, 0x34d70000)
    ro space 10240K,  45% used [0x38170000, 0x385f9b28, 0x385f9c00, 0x38b70000)
    rw space 12288K,  54% used [0x38b70000, 0x391fd0e8, 0x391fd200, 0x39770000)
}

